{"/Volumes/Work/Test/homespring/typescript-node-starter/src/app.ts": {"path":"/Volumes/Work/Test/homespring/typescript-node-starter/src/app.ts","statementMap":{"0":{"start":{"line":1,"column":0},"end":{"line":1,"column":43}},"1":{"start":{"line":2,"column":0},"end":{"line":2,"column":41}},"2":{"start":{"line":3,"column":0},"end":{"line":3,"column":43}},"3":{"start":{"line":4,"column":0},"end":{"line":4,"column":30}},"4":{"start":{"line":10,"column":4},"end":{"line":10,"column":25}},"5":{"start":{"line":11,"column":4},"end":{"line":11,"column":18}},"6":{"start":{"line":15,"column":4},"end":{"line":15,"column":31}},"7":{"start":{"line":16,"column":4},"end":{"line":16,"column":31}},"8":{"start":{"line":17,"column":4},"end":{"line":17,"column":null}},"9":{"start":{"line":21,"column":4},"end":{"line":28,"column":7}},"10":{"start":{"line":22,"column":6},"end":{"line":26,"column":8}},"11":{"start":{"line":27,"column":6},"end":{"line":27,"column":46}},"12":{"start":{"line":32,"column":0},"end":{"line":32,"column":22}}},"fnMap":{"0":{"name":"(anonymous_1)","decl":{"start":{"line":9,"column":2},"end":{"line":9,"column":null}},"loc":{"start":{"line":9,"column":2},"end":{"line":12,"column":3}}},"1":{"name":"(anonymous_2)","decl":{"start":{"line":14,"column":9},"end":{"line":14,"column":15}},"loc":{"start":{"line":14,"column":15},"end":{"line":18,"column":3}}},"2":{"name":"(anonymous_3)","decl":{"start":{"line":20,"column":9},"end":{"line":20,"column":14}},"loc":{"start":{"line":20,"column":14},"end":{"line":29,"column":3}}},"3":{"name":"(anonymous_4)","decl":{"start":{"line":21,"column":42},"end":{"line":21,"column":45}},"loc":{"start":{"line":21,"column":47},"end":{"line":28,"column":5}}}},"branchMap":{},"s":{"0":1,"1":1,"2":1,"3":1,"4":1,"5":1,"6":1,"7":1,"8":1,"9":0,"10":0,"11":0,"12":1},"f":{"0":1,"1":1,"2":0,"3":0},"b":{}}
,"/Volumes/Work/Test/homespring/typescript-node-starter/src/config/env-vars.ts": {"path":"/Volumes/Work/Test/homespring/typescript-node-starter/src/config/env-vars.ts","statementMap":{"0":{"start":{"line":1,"column":0},"end":{"line":1,"column":28}},"1":{"start":{"line":2,"column":0},"end":{"line":2,"column":16}},"2":{"start":{"line":4,"column":13},"end":{"line":4,"column":45}},"3":{"start":{"line":5,"column":13},"end":{"line":5,"column":77}},"4":{"start":{"line":6,"column":13},"end":{"line":6,"column":45}},"5":{"start":{"line":7,"column":13},"end":{"line":7,"column":43}}},"fnMap":{},"branchMap":{"0":{"loc":{"start":{"line":4,"column":20},"end":{"line":4,"column":44}},"type":"binary-expr","locations":[{"start":{"line":4,"column":20},"end":{"line":4,"column":36}},{"start":{"line":4,"column":40},"end":{"line":4,"column":44}}]},"1":{"loc":{"start":{"line":5,"column":25},"end":{"line":5,"column":76}},"type":"cond-expr","locations":[{"start":{"line":5,"column":67},"end":{"line":5,"column":71}},{"start":{"line":5,"column":71},"end":{"line":5,"column":76}}]},"2":{"loc":{"start":{"line":5,"column":25},"end":{"line":5,"column":71}},"type":"binary-expr","locations":[{"start":{"line":5,"column":25},"end":{"line":5,"column":71}},{"start":{"line":5,"column":67},"end":{"line":5,"column":71}}]},"3":{"loc":{"start":{"line":5,"column":25},"end":{"line":5,"column":67}},"type":"cond-expr","locations":[{"start":{"line":5,"column":52},"end":{"line":5,"column":54}},{"start":{"line":5,"column":52},"end":{"line":5,"column":67}}]},"4":{"loc":{"start":{"line":5,"column":25},"end":{"line":5,"column":54}},"type":"binary-expr","locations":[{"start":{"line":5,"column":25},"end":{"line":5,"column":54}},{"start":{"line":5,"column":52},"end":{"line":5,"column":54}}]},"5":{"loc":{"start":{"line":5,"column":25},"end":{"line":5,"column":52}},"type":"cond-expr","locations":[{"start":{"line":5,"column":37},"end":{"line":5,"column":40}},{"start":{"line":5,"column":37},"end":{"line":5,"column":52}}]},"6":{"loc":{"start":{"line":5,"column":25},"end":{"line":5,"column":40}},"type":"binary-expr","locations":[{"start":{"line":5,"column":25},"end":{"line":5,"column":40}},{"start":{"line":5,"column":37},"end":{"line":5,"column":40}}]},"7":{"loc":{"start":{"line":5,"column":25},"end":{"line":5,"column":37}},"type":"cond-expr","locations":[{"start":{"line":5,"column":32},"end":{"line":5,"column":34}},{"start":{"line":5,"column":25},"end":{"line":5,"column":37}}]},"8":{"loc":{"start":{"line":5,"column":25},"end":{"line":5,"column":34}},"type":"binary-expr","locations":[{"start":{"line":5,"column":25},"end":{"line":5,"column":34}},{"start":{"line":5,"column":25},"end":{"line":5,"column":34}}]}},"s":{"0":2,"1":2,"2":2,"3":2,"4":2,"5":2},"f":{},"b":{"0":[2,2],"1":[0,2],"2":[2,2],"3":[2,0],"4":[2,2],"5":[0,2],"6":[2,2],"7":[0,2],"8":[2,2]}}
,"/Volumes/Work/Test/homespring/typescript-node-starter/src/controllers/base-controller.ts": {"path":"/Volumes/Work/Test/homespring/typescript-node-starter/src/controllers/base-controller.ts","statementMap":{"0":{"start":{"line":4,"column":4},"end":{"line":10,"column":6}},"1":{"start":{"line":4,"column":69},"end":{"line":10,"column":6}},"2":{"start":{"line":5,"column":6},"end":{"line":9,"column":null}},"3":{"start":{"line":6,"column":8},"end":{"line":6,"column":72}},"4":{"start":{"line":8,"column":8},"end":{"line":8,"column":18}},"5":{"start":{"line":14,"column":4},"end":{"line":14,"column":22}},"6":{"start":{"line":2,"column":0},"end":{"line":2,"column":22}}},"fnMap":{"0":{"name":"(anonymous_7)","decl":{"start":{"line":3,"column":9},"end":{"line":3,"column":14}},"loc":{"start":{"line":3,"column":14},"end":{"line":11,"column":3}}},"1":{"name":"(anonymous_8)","decl":{"start":{"line":4,"column":11},"end":{"line":4,"column":18}},"loc":{"start":{"line":4,"column":69},"end":{"line":10,"column":6}}},"2":{"name":"(anonymous_9)","decl":{"start":{"line":4,"column":69},"end":{"line":4,"column":null}},"loc":{"start":{"line":4,"column":69},"end":{"line":10,"column":5}}},"3":{"name":"(anonymous_10)","decl":{"start":{"line":13,"column":15},"end":{"line":13,"column":22}},"loc":{"start":{"line":13,"column":106},"end":{"line":15,"column":4}}}},"branchMap":{},"s":{"0":1,"1":2,"2":2,"3":2,"4":1,"5":0,"6":1},"f":{"0":1,"1":2,"2":2,"3":0},"b":{}}
,"/Volumes/Work/Test/homespring/typescript-node-starter/src/controllers/list-book.ts": {"path":"/Volumes/Work/Test/homespring/typescript-node-starter/src/controllers/list-book.ts","statementMap":{"0":{"start":{"line":2,"column":0},"end":{"line":2,"column":47}},"1":{"start":{"line":4,"column":0},"end":{"line":4,"column":50}},"2":{"start":{"line":5,"column":0},"end":{"line":5,"column":49}},"3":{"start":{"line":10,"column":4},"end":{"line":10,"column":null}},"4":{"start":{"line":10,"column":25},"end":{"line":10,"column":null}},"5":{"start":{"line":11,"column":18},"end":{"line":11,"column":78}},"6":{"start":{"line":12,"column":4},"end":{"line":12,"column":39}},"7":{"start":{"line":8,"column":0},"end":{"line":8,"column":13}}},"fnMap":{"0":{"name":"(anonymous_8)","decl":{"start":{"line":9,"column":15},"end":{"line":9,"column":22}},"loc":{"start":{"line":9,"column":81},"end":{"line":13,"column":null}}}},"branchMap":{"0":{"loc":{"start":{"line":10,"column":4},"end":{"line":10,"column":null}},"type":"if","locations":[{"start":{"line":10,"column":4},"end":{"line":10,"column":null}}]},"1":{"loc":{"start":{"line":10,"column":9},"end":{"line":10,"column":23}},"type":"cond-expr","locations":[{"start":{"line":10,"column":14},"end":{"line":10,"column":16}},{"start":{"line":10,"column":9},"end":{"line":10,"column":23}}]},"2":{"loc":{"start":{"line":10,"column":9},"end":{"line":10,"column":16}},"type":"binary-expr","locations":[{"start":{"line":10,"column":9},"end":{"line":10,"column":16}},{"start":{"line":10,"column":9},"end":{"line":10,"column":16}}]},"3":{"loc":{"start":{"line":11,"column":33},"end":{"line":11,"column":53}},"type":"cond-expr","locations":[{"start":{"line":11,"column":47},"end":{"line":11,"column":51}},{"start":{"line":11,"column":51},"end":{"line":11,"column":53}}]},"4":{"loc":{"start":{"line":11,"column":33},"end":{"line":11,"column":51}},"type":"binary-expr","locations":[{"start":{"line":11,"column":33},"end":{"line":11,"column":51}},{"start":{"line":11,"column":47},"end":{"line":11,"column":51}}]},"5":{"loc":{"start":{"line":11,"column":33},"end":{"line":11,"column":47}},"type":"cond-expr","locations":[{"start":{"line":11,"column":38},"end":{"line":11,"column":40}},{"start":{"line":11,"column":33},"end":{"line":11,"column":47}}]},"6":{"loc":{"start":{"line":11,"column":33},"end":{"line":11,"column":40}},"type":"binary-expr","locations":[{"start":{"line":11,"column":33},"end":{"line":11,"column":40}},{"start":{"line":11,"column":33},"end":{"line":11,"column":40}}]},"7":{"loc":{"start":{"line":11,"column":55},"end":{"line":11,"column":77}},"type":"cond-expr","locations":[{"start":{"line":11,"column":72},"end":{"line":11,"column":76}},{"start":{"line":11,"column":76},"end":{"line":11,"column":77}}]},"8":{"loc":{"start":{"line":11,"column":55},"end":{"line":11,"column":76}},"type":"binary-expr","locations":[{"start":{"line":11,"column":55},"end":{"line":11,"column":76}},{"start":{"line":11,"column":72},"end":{"line":11,"column":76}}]},"9":{"loc":{"start":{"line":11,"column":55},"end":{"line":11,"column":72}},"type":"cond-expr","locations":[{"start":{"line":11,"column":60},"end":{"line":11,"column":62}},{"start":{"line":11,"column":55},"end":{"line":11,"column":72}}]},"10":{"loc":{"start":{"line":11,"column":55},"end":{"line":11,"column":62}},"type":"binary-expr","locations":[{"start":{"line":11,"column":55},"end":{"line":11,"column":62}},{"start":{"line":11,"column":55},"end":{"line":11,"column":62}}]}},"s":{"0":1,"1":1,"2":1,"3":2,"4":1,"5":1,"6":1,"7":1},"f":{"0":2},"b":{"0":[1],"1":[0,2],"2":[2,2],"3":[1,0],"4":[1,1],"5":[0,1],"6":[1,1],"7":[1,0],"8":[1,1],"9":[0,1],"10":[1,1]}}
,"/Volumes/Work/Test/homespring/typescript-node-starter/src/exceptions/base-error.ts": {"path":"/Volumes/Work/Test/homespring/typescript-node-starter/src/exceptions/base-error.ts","statementMap":{"0":{"start":{"line":1,"column":0},"end":{"line":1,"column":43}},"1":{"start":{"line":2,"column":0},"end":{"line":2,"column":43}},"2":{"start":{"line":7,"column":6},"end":{"line":7,"column":15}},"3":{"start":{"line":5,"column":4},"end":{"line":5,"column":52}},"4":{"start":{"line":9,"column":6},"end":{"line":9,"column":55}},"5":{"start":{"line":10,"column":6},"end":{"line":10,"column":23}},"6":{"start":{"line":11,"column":6},"end":{"line":11,"column":54}},"7":{"start":{"line":15,"column":6},"end":{"line":15,"column":23}},"8":{"start":{"line":4,"column":0},"end":{"line":4,"column":21}}},"fnMap":{"0":{"name":"(anonymous_1)","decl":{"start":{"line":6,"column":4},"end":{"line":6,"column":17}},"loc":{"start":{"line":6,"column":55},"end":{"line":12,"column":5}}},"1":{"name":"(anonymous_2)","decl":{"start":{"line":14,"column":4},"end":{"line":14,"column":11}},"loc":{"start":{"line":14,"column":11},"end":{"line":16,"column":5}}}},"branchMap":{"0":{"loc":{"start":{"line":11,"column":18},"end":{"line":11,"column":53}},"type":"cond-expr","locations":[{"start":{"line":11,"column":25},"end":{"line":11,"column":29}},{"start":{"line":11,"column":32},"end":{"line":11,"column":53}}]}},"s":{"0":1,"1":1,"2":1,"3":1,"4":1,"5":1,"6":1,"7":1,"8":1},"f":{"0":1,"1":1},"b":{"0":[1,0]}}
,"/Volumes/Work/Test/homespring/typescript-node-starter/src/exceptions/handler.ts": {"path":"/Volumes/Work/Test/homespring/typescript-node-starter/src/exceptions/handler.ts","statementMap":{"0":{"start":{"line":2,"column":0},"end":{"line":2,"column":43}},"1":{"start":{"line":3,"column":0},"end":{"line":3,"column":37}},"2":{"start":{"line":4,"column":0},"end":{"line":4,"column":47}},"3":{"start":{"line":6,"column":0},"end":{"line":24,"column":2}},"4":{"start":{"line":7,"column":2},"end":{"line":9,"column":null}},"5":{"start":{"line":8,"column":4},"end":{"line":8,"column":21}},"6":{"start":{"line":11,"column":2},"end":{"line":11,"column":47}},"7":{"start":{"line":12,"column":2},"end":{"line":14,"column":null}},"8":{"start":{"line":13,"column":4},"end":{"line":13,"column":30}},"9":{"start":{"line":16,"column":2},"end":{"line":23,"column":5}}},"fnMap":{"0":{"name":"(anonymous_1)","decl":{"start":{"line":6,"column":15},"end":{"line":6,"column":16}},"loc":{"start":{"line":6,"column":85},"end":{"line":24,"column":1}}}},"branchMap":{"0":{"loc":{"start":{"line":7,"column":2},"end":{"line":9,"column":null}},"type":"if","locations":[{"start":{"line":7,"column":2},"end":{"line":9,"column":null}}]},"1":{"loc":{"start":{"line":12,"column":2},"end":{"line":14,"column":null}},"type":"if","locations":[{"start":{"line":12,"column":2},"end":{"line":14,"column":null}}]},"2":{"loc":{"start":{"line":21,"column":13},"end":{"line":21,"column":88}},"type":"cond-expr","locations":[{"start":{"line":21,"column":67},"end":{"line":21,"column":76}},{"start":{"line":21,"column":79},"end":{"line":21,"column":88}}]},"3":{"loc":{"start":{"line":21,"column":13},"end":{"line":21,"column":64}},"type":"binary-expr","locations":[{"start":{"line":21,"column":13},"end":{"line":21,"column":22}},{"start":{"line":21,"column":26},"end":{"line":21,"column":64}}]}},"s":{"0":1,"1":1,"2":1,"3":1,"4":1,"5":0,"6":1,"7":1,"8":1,"9":1},"f":{"0":1},"b":{"0":[0],"1":[1],"2":[0,1],"3":[1,0]}}
,"/Volumes/Work/Test/homespring/typescript-node-starter/src/exceptions/http-error.ts": {"path":"/Volumes/Work/Test/homespring/typescript-node-starter/src/exceptions/http-error.ts","statementMap":{"0":{"start":{"line":1,"column":0},"end":{"line":1,"column":43}},"1":{"start":{"line":2,"column":0},"end":{"line":2,"column":37}},"2":{"start":{"line":6,"column":4},"end":{"line":6,"column":25}},"3":{"start":{"line":8,"column":4},"end":{"line":8,"column":53}},"4":{"start":{"line":4,"column":0},"end":{"line":4,"column":21}}},"fnMap":{"0":{"name":"(anonymous_1)","decl":{"start":{"line":5,"column":2},"end":{"line":5,"column":15}},"loc":{"start":{"line":5,"column":101},"end":{"line":9,"column":3}}}},"branchMap":{"0":{"loc":{"start":{"line":5,"column":26},"end":{"line":5,"column":73}},"type":"default-arg","locations":[{"start":{"line":5,"column":41},"end":{"line":5,"column":73}}]},"1":{"loc":{"start":{"line":5,"column":75},"end":{"line":5,"column":101}},"type":"default-arg","locations":[{"start":{"line":5,"column":90},"end":{"line":5,"column":101}}]}},"s":{"0":1,"1":1,"2":1,"3":1,"4":1},"f":{"0":1},"b":{"0":[0],"1":[1]}}
,"/Volumes/Work/Test/homespring/typescript-node-starter/src/routes/index.ts": {"path":"/Volumes/Work/Test/homespring/typescript-node-starter/src/routes/index.ts","statementMap":{"0":{"start":{"line":2,"column":0},"end":{"line":2,"column":30}},"1":{"start":{"line":6,"column":4},"end":{"line":6,"column":31}},"2":{"start":{"line":4,"column":0},"end":{"line":4,"column":21}}},"fnMap":{"0":{"name":"(anonymous_1)","decl":{"start":{"line":5,"column":9},"end":{"line":5,"column":15}},"loc":{"start":{"line":5,"column":39},"end":{"line":7,"column":3}}}},"branchMap":{},"s":{"0":1,"1":1,"2":1},"f":{"0":1},"b":{}}
,"/Volumes/Work/Test/homespring/typescript-node-starter/src/routes/api/index.ts": {"path":"/Volumes/Work/Test/homespring/typescript-node-starter/src/routes/api/index.ts","statementMap":{"0":{"start":{"line":1,"column":0},"end":{"line":1,"column":30}},"1":{"start":{"line":2,"column":0},"end":{"line":2,"column":65}},"2":{"start":{"line":4,"column":15},"end":{"line":4,"column":31}},"3":{"start":{"line":6,"column":0},"end":{"line":6,"column":57}},"4":{"start":{"line":7,"column":0},"end":{"line":7,"column":22}}},"fnMap":{},"branchMap":{},"s":{"0":1,"1":1,"2":1,"3":1,"4":1},"f":{},"b":{}}
,"/Volumes/Work/Test/homespring/typescript-node-starter/src/services/books/list.ts": {"path":"/Volumes/Work/Test/homespring/typescript-node-starter/src/services/books/list.ts","statementMap":{"0":{"start":{"line":1,"column":0},"end":{"line":1,"column":45}},"1":{"start":{"line":2,"column":0},"end":{"line":2,"column":48}},"2":{"start":{"line":4,"column":24},"end":{"line":7,"column":null}},"3":{"start":{"line":4,"column":88},"end":{"line":7,"column":null}},"4":{"start":{"line":5,"column":43},"end":{"line":5,"column":158}},"5":{"start":{"line":6,"column":4},"end":{"line":6,"column":30}},"6":{"start":{"line":4,"column":13},"end":{"line":4,"column":24}}},"fnMap":{"0":{"name":"(anonymous_8)","decl":{"start":{"line":4,"column":24},"end":{"line":4,"column":31}},"loc":{"start":{"line":4,"column":88},"end":{"line":7,"column":null}}},"1":{"name":"(anonymous_9)","decl":{"start":{"line":4,"column":88},"end":{"line":4,"column":null}},"loc":{"start":{"line":4,"column":88},"end":{"line":7,"column":1}}}},"branchMap":{"0":{"loc":{"start":{"line":6,"column":11},"end":{"line":6,"column":29}},"type":"binary-expr","locations":[{"start":{"line":6,"column":11},"end":{"line":6,"column":23}},{"start":{"line":6,"column":27},"end":{"line":6,"column":29}}]},"1":{"loc":{"start":{"line":6,"column":11},"end":{"line":6,"column":23}},"type":"cond-expr","locations":[{"start":{"line":6,"column":17},"end":{"line":6,"column":19}},{"start":{"line":6,"column":11},"end":{"line":6,"column":23}}]},"2":{"loc":{"start":{"line":6,"column":11},"end":{"line":6,"column":19}},"type":"binary-expr","locations":[{"start":{"line":6,"column":11},"end":{"line":6,"column":19}},{"start":{"line":6,"column":11},"end":{"line":6,"column":19}}]}},"s":{"0":2,"1":2,"2":2,"3":2,"4":2,"5":2,"6":2},"f":{"0":2,"1":2},"b":{"0":[2,0],"1":[0,2],"2":[2,2]}}
}
