TN:
SF:src/app.ts
FN:9,(anonymous_1)
FN:14,(anonymous_2)
FN:20,(anonymous_3)
FN:21,(anonymous_4)
FNF:4
FNH:2
FNDA:1,(anonymous_1)
FNDA:1,(anonymous_2)
FNDA:0,(anonymous_3)
FNDA:0,(anonymous_4)
DA:1,1
DA:2,1
DA:3,1
DA:4,1
DA:10,1
DA:11,1
DA:15,1
DA:16,1
DA:17,1
DA:21,0
DA:22,0
DA:27,0
DA:32,1
LF:13
LH:10
BRF:0
BRH:0
end_of_record
TN:
SF:src/config/env-vars.ts
FNF:0
FNH:0
DA:1,2
DA:2,2
DA:4,2
DA:5,2
DA:6,2
DA:7,2
LF:6
LH:6
BRDA:4,0,0,2
BRDA:4,0,1,2
BRDA:5,1,0,0
BRDA:5,1,1,2
BRDA:5,2,0,2
BRDA:5,2,1,2
BRDA:5,3,0,2
BRDA:5,3,1,0
BRDA:5,4,0,2
BRDA:5,4,1,2
BRDA:5,5,0,0
BRDA:5,5,1,2
BRDA:5,6,0,2
BRDA:5,6,1,2
BRDA:5,7,0,0
BRDA:5,7,1,2
BRDA:5,8,0,2
BRDA:5,8,1,2
BRF:18
BRH:14
end_of_record
TN:
SF:src/controllers/base-controller.ts
FN:3,(anonymous_7)
FN:4,(anonymous_8)
FN:4,(anonymous_9)
FN:13,(anonymous_10)
FNF:4
FNH:3
FNDA:1,(anonymous_7)
FNDA:2,(anonymous_8)
FNDA:2,(anonymous_9)
FNDA:0,(anonymous_10)
DA:2,1
DA:4,2
DA:5,2
DA:6,2
DA:8,1
DA:14,0
LF:6
LH:5
BRF:0
BRH:0
end_of_record
TN:
SF:src/controllers/list-book.ts
FN:9,(anonymous_8)
FNF:1
FNH:1
FNDA:2,(anonymous_8)
DA:2,1
DA:4,1
DA:5,1
DA:8,1
DA:10,2
DA:11,1
DA:12,1
LF:7
LH:7
BRDA:10,0,0,1
BRDA:10,1,0,0
BRDA:10,1,1,2
BRDA:10,2,0,2
BRDA:10,2,1,2
BRDA:11,3,0,1
BRDA:11,3,1,0
BRDA:11,4,0,1
BRDA:11,4,1,1
BRDA:11,5,0,0
BRDA:11,5,1,1
BRDA:11,6,0,1
BRDA:11,6,1,1
BRDA:11,7,0,1
BRDA:11,7,1,0
BRDA:11,8,0,1
BRDA:11,8,1,1
BRDA:11,9,0,0
BRDA:11,9,1,1
BRDA:11,10,0,1
BRDA:11,10,1,1
BRF:21
BRH:16
end_of_record
TN:
SF:src/exceptions/base-error.ts
FN:6,(anonymous_1)
FN:14,(anonymous_2)
FNF:2
FNH:2
FNDA:1,(anonymous_1)
FNDA:1,(anonymous_2)
DA:1,1
DA:2,1
DA:4,1
DA:5,1
DA:7,1
DA:9,1
DA:10,1
DA:11,1
DA:15,1
LF:9
LH:9
BRDA:11,0,0,1
BRDA:11,0,1,0
BRF:2
BRH:1
end_of_record
TN:
SF:src/exceptions/handler.ts
FN:6,(anonymous_1)
FNF:1
FNH:1
FNDA:1,(anonymous_1)
DA:2,1
DA:3,1
DA:4,1
DA:6,1
DA:7,1
DA:8,0
DA:11,1
DA:12,1
DA:13,1
DA:16,1
LF:10
LH:9
BRDA:7,0,0,0
BRDA:12,1,0,1
BRDA:21,2,0,0
BRDA:21,2,1,1
BRDA:21,3,0,1
BRDA:21,3,1,0
BRF:6
BRH:3
end_of_record
TN:
SF:src/exceptions/http-error.ts
FN:5,(anonymous_1)
FNF:1
FNH:1
FNDA:1,(anonymous_1)
DA:1,1
DA:2,1
DA:4,1
DA:6,1
DA:8,1
LF:5
LH:5
BRDA:5,0,0,0
BRDA:5,1,0,1
BRF:2
BRH:1
end_of_record
TN:
SF:src/routes/index.ts
FN:5,(anonymous_1)
FNF:1
FNH:1
FNDA:1,(anonymous_1)
DA:2,1
DA:4,1
DA:6,1
LF:3
LH:3
BRF:0
BRH:0
end_of_record
TN:
SF:src/routes/api/index.ts
FNF:0
FNH:0
DA:1,1
DA:2,1
DA:4,1
DA:6,1
DA:7,1
LF:5
LH:5
BRF:0
BRH:0
end_of_record
TN:
SF:src/services/books/list.ts
FN:4,(anonymous_8)
FN:4,(anonymous_9)
FNF:2
FNH:2
FNDA:2,(anonymous_8)
FNDA:2,(anonymous_9)
DA:1,2
DA:2,2
DA:4,2
DA:5,2
DA:6,2
LF:5
LH:5
BRDA:6,0,0,2
BRDA:6,0,1,0
BRDA:6,1,0,0
BRDA:6,1,1,2
BRDA:6,2,0,2
BRDA:6,2,1,2
BRF:6
BRH:4
end_of_record
